<?xml version="1.0" encoding="UTF-8" ?>
<testsuite errors="1" failures="0" hostname="DESKTOP-GJN8HR4" name="csudh.csc311.asg6.IndexTest" skipped="0" tests="1" time="0.094" timestamp="2022-10-04T19:58:47">
  <properties>
    <property name="java.vendor" value="Eclipse Adoptium" />
    <property name="env.USERDOMAIN_ROAMINGPROFILE" value="DESKTOP-GJN8HR4" />
    <property name="sun.java.launcher" value="SUN_STANDARD" />
    <property name="sun.management.compiler" value="HotSpot 64-Bit Tiered Compilers" />
    <property name="env.PROMPT" value="$P$G" />
    <property name="os.name" value="Windows 10" />
    <property name="env.DriverData" value="C:\Windows\System32\Drivers\DriverData" />
    <property name="env.COMPUTERNAME" value="DESKTOP-GJN8HR4" />
    <property name="env.CommonProgramW6432" value="C:\Program Files\Common Files" />
    <property name="env.ALLUSERSPROFILE" value="C:\ProgramData" />
    <property name="env.LANG" value="en_US.UTF-8" />
    <property name="java.vm.specification.vendor" value="Oracle Corporation" />
    <property name="ant.home" value="C:\Users\cscco\apache-ant-1.9.16" />
    <property name="java.runtime.version" value="17.0.4+8" />
    <property name="env.HOMEPATH" value="\Users\cscco" />
    <property name="user.name" value="cscco" />
    <property name="env.ORIGINAL_XDG_CURRENT_DESKTOP" value="undefined" />
    <property name="user.language" value="en" />
    <property name="sun.boot.library.path" value="C:\Program Files\Eclipse Adoptium\jdk-17.0.4.8-hotspot\bin" />
    <property name="env.VSCODE_GIT_ASKPASS_MAIN" value="c:\Microsoft VS Code\resources\app\extensions\git\dist\askpass-main.js" />
    <property name="ant.project.default-target" value="build" />
    <property name="ant.project.name" value="JavaCS" />
    <property name="java.vm.compressedOopsMode" value="Zero based" />
    <property name="java.version" value="17.0.4" />
    <property name="env.PROCESSOR_IDENTIFIER" value="Intel64 Family 6 Model 142 Stepping 12, GenuineIntel" />
    <property name="env.TEMP" value="C:\Users\cscco\AppData\Local\Temp" />
    <property name="sun.arch.data.model" value="64" />
    <property name="env._JAVACMD" value="C:\Program Files\Eclipse Adoptium\jdk-17.0.4.8-hotspot\bin\java.exe" />
    <property name="sun.cpu.isalist" value="amd64" />
    <property name="env.HOMEDRIVE" value="C:" />
    <property name="sun.jnu.encoding" value="Cp1252" />
    <property name="file.separator" value="\" />
    <property name="java.specification.name" value="Java Platform API Specification" />
    <property name="java.class.version" value="61.0" />
    <property name="env.VSCODE_GIT_ASKPASS_EXTRA_ARGS" value="--ms-enable-electron-run-as-node" />
    <property name="user.country" value="US" />
    <property name="ant.file.JavaCS" value="C:\Users\cscco\devstuff\instruction\csc311\asg\asg6\asg6-local\build.xml" />
    <property name="java.home" value="C:\Program Files\Eclipse Adoptium\jdk-17.0.4.8-hotspot" />
    <property name="env.PSModulePath" value="C:\Users\cscco\Documents\WindowsPowerShell\Modules;C:\Program Files\WindowsPowerShell\Modules;C:\Windows\system32\WindowsPowerShell\v1.0\Modules" />
    <property name="env.APPDATA" value="C:\Users\cscco\AppData\Roaming" />
    <property name="java.vm.info" value="mixed mode, sharing" />
    <property name="env.PUBLIC" value="C:\Users\Public" />
    <property name="env.ComSpec" value="C:\Windows\system32\cmd.exe" />
    <property name="env.OS" value="Windows_NT" />
    <property name="env.CommonProgramFiles" value="C:\Program Files\Common Files" />
    <property name="os.version" value="10.0" />
    <property name="ant.file" value="C:\Users\cscco\devstuff\instruction\csc311\asg\asg6\asg6-local\build.xml" />
    <property name="env.ProgramW6432" value="C:\Program Files" />
    <property name="env._USE_CLASSPATH" value="no" />
    <property name="env.TERM_PROGRAM_VERSION" value="1.69.2" />
    <property name="path.separator" value=";" />
    <property name="java.vm.version" value="17.0.4+8" />
    <property name="env.ZES_ENABLE_SYSMAN" value="1" />
    <property name="user.variant" value="" />
    <property name="env.USERPROFILE" value="C:\Users\cscco" />
    <property name="env.VSCODE_GIT_IPC_HANDLE" value="\\.\pipe\vscode-git-b2737c2e3d-sock" />
    <property name="ant.library.dir" value="C:\Users\cscco\apache-ant-1.9.16\lib" />
    <property name="junit.output.dir" value="junit" />
    <property name="env.JAVA_HOME" value="C:\Program Files\Eclipse Adoptium\jdk-17.0.4.8-hotspot" />
    <property name="env.FPS_BROWSER_USER_PROFILE_STRING" value="Default" />
    <property name="env.TMP" value="C:\Users\cscco\AppData\Local\Temp" />
    <property name="sun.io.unicode.encoding" value="UnicodeLittle" />
    <property name="env.CHROME_CRASHPAD_PIPE_NAME" value="\\.\pipe\crashpad_15240_BEBPCZKAYTRPZXDS" />
    <property name="sun.stdout.encoding" value="cp437" />
    <property name="user.script" value="" />
    <property name="target" value="1.8" />
    <property name="user.home" value="C:\Users\cscco" />
    <property name="env.ProgramData" value="C:\ProgramData" />
    <property name="env.ProgramFiles(x86)" value="C:\Program Files (x86)" />
    <property name="env.SESSIONNAME" value="Console" />
    <property name="java.version.date" value="2022-07-19" />
    <property name="java.specification.vendor" value="Oracle Corporation" />
    <property name="env.TERM_PROGRAM" value="vscode" />
    <property name="env.NUMBER_OF_PROCESSORS" value="8" />
    <property name="java.library.path" value="C:\Program Files\Eclipse Adoptium\jdk-17.0.4.8-hotspot\bin;C:\Windows\Sun\Java\bin;C:\Windows\system32;C:\Windows;C:\Program Files\Eclipse Adoptium\jdk-17.0.4.8-hotspot\bin;C:\Windows\system32;C:\Windows;C:\Windows\System32\Wbem;C:\Windows\System32\WindowsPowerShell\v1.0\;C:\Windows\System32\OpenSSH\;C:\Program Files\Git\cmd;C:\Program Files\GitHub CLI\;C:\Program Files\CMake\bin;C:\Program Files\SlikSvn\bin;C:\Ruby31-x64\bin;C:\Users\cscco\AppData\Local\Microsoft\WindowsApps;C:\Users\cscco\apache-ant-1.9.16\bin;C:\Users\cscco\AppData\Local\Programs\Python\Python310;C:\Program Files\JetBrains\PyCharm Community Edition 2022.2\bin;;C:\Users\cscco\AppData\Local\Programs\Microsoft VS Code\bin;C:\Program Files\SlikSvn\bin;." />
    <property name="java.vendor.url" value="https://adoptium.net/" />
    <property name="java.vm.vendor" value="Eclipse Adoptium" />
    <property name="java.runtime.name" value="OpenJDK Runtime Environment" />
    <property name="java.class.path" value="C:\Users\cscco\devstuff\instruction\csc311\asg\asg6\asg6-local\bin;C:\Users\cscco\devstuff\instruction\csc311\asg\asg6\asg6-local\lib\jsoup-1.15.3.jar;C:\Users\cscco\devstuff\instruction\csc311\asg\asg6\asg6-local\lib\junit-4.12.jar;C:\Users\cscco\devstuff\instruction\csc311\asg\asg6\asg6-local\lib\hamcrest-core-1.3.jar;C:\Users\cscco\devstuff\instruction\csc311\asg\asg6\asg6-local\lib\jcommon-1.0.23.jar;C:\Users\cscco\devstuff\instruction\csc311\asg\asg6\asg6-local\lib\ant-junit.jar;C:\Users\cscco\devstuff\instruction\csc311\asg\asg6\asg6-local\lib\commons-math3-3.6.jar;C:\Users\cscco\devstuff\instruction\csc311\asg\asg6\asg6-local\lib\hamcrest-library-1.3.jar;C:\Users\cscco\apache-ant-1.9.16\lib\ant-launcher.jar;C:\Users\cscco\apache-ant-1.9.16\lib\ant.jar;C:\Users\cscco\apache-ant-1.9.16\lib\ant-junit.jar;C:\Users\cscco\apache-ant-1.9.16\lib\ant-junit4.jar" />
    <property name="sun.java.command" value="org.apache.tools.ant.taskdefs.optional.junit.JUnitTestRunner csudh.csc311.asg6.IndexTest skipNonTests=false filtertrace=true haltOnError=false haltOnFailure=false formatter=org.apache.tools.ant.taskdefs.optional.junit.OutErrSummaryJUnitResultFormatter showoutput=false outputtoformatters=true logfailedtests=true threadid=0 logtestlistenerevents=false formatter=org.apache.tools.ant.taskdefs.optional.junit.XMLJUnitResultFormatter,C:\Users\cscco\devstuff\instruction\csc311\asg\asg6\asg6-local\junit\TEST-csudh.csc311.asg6.IndexTest.xml crashfile=C:\Users\cscco\devstuff\instruction\csc311\asg\asg6\asg6-local\junitvmwatcher8176338418657168115.properties propsfile=C:\Users\cscco\devstuff\instruction\csc311\asg\asg6\asg6-local\junit4380343285515490718.properties" />
    <property name="ant.version" value="Apache Ant(TM) version 1.9.16 compiled on July 10 2021" />
    <property name="native.encoding" value="Cp1252" />
    <property name="jdk.debug" value="release" />
    <property name="env.GIT_ASKPASS" value="c:\Microsoft VS Code\resources\app\extensions\git\dist\askpass.sh" />
    <property name="ant.file.type.JavaCS" value="file" />
    <property name="env.VSCODE_GIT_ASKPASS_NODE" value="C:\Microsoft VS Code\Code.exe" />
    <property name="java.vm.specification.name" value="Java Virtual Machine Specification" />
    <property name="ant.file.type" value="file" />
    <property name="env.windir" value="C:\Windows" />
    <property name="env.LOGONSERVER" value="\\DESKTOP-GJN8HR4" />
    <property name="java.vm.specification.version" value="17" />
    <property name="env.PROCESSOR_ARCHITECTURE" value="AMD64" />
    <property name="env.PyCharm Community Edition" value="C:\Program Files\JetBrains\PyCharm Community Edition 2022.2\bin;" />
    <property name="sun.cpu.endian" value="little" />
    <property name="sun.os.patch.level" value="" />
    <property name="env.OneDrive" value="C:\Users\cscco\OneDrive" />
    <property name="debuglevel" value="source,lines,vars" />
    <property name="env.ANT_HOME" value="C:\Users\cscco\apache-ant-1.9.16" />
    <property name="env.ProgramFiles" value="C:\Program Files" />
    <property name="env.PROCESSOR_REVISION" value="8e0c" />
    <property name="java.io.tmpdir" value="C:\Users\cscco\AppData\Local\Temp\" />
    <property name="env.CommonProgramFiles(x86)" value="C:\Program Files (x86)\Common Files" />
    <property name="java.vendor.url.bug" value="https://github.com/adoptium/adoptium-support/issues" />
    <property name="env.SystemRoot" value="C:\Windows" />
    <property name="env.FPS_BROWSER_APP_PROFILE_STRING" value="Internet Explorer" />
    <property name="os.arch" value="amd64" />
    <property name="env.ANT_CMD_LINE_ARGS" value=" IndexTest" />
    <property name="user.dir" value="C:\Users\cscco\devstuff\instruction\csc311\asg\asg6\asg6-local" />
    <property name="env.LOCALAPPDATA" value="C:\Users\cscco\AppData\Local" />
    <property name="line.separator" value="&#xd;&#xa;" />
    <property name="java.vm.name" value="OpenJDK 64-Bit Server VM" />
    <property name="env.PATHEXT" value=".COM;.EXE;.BAT;.CMD;.VBS;.VBE;.JS;.JSE;.WSF;.WSH;.MSC;.RB;.RBW;.CPL" />
    <property name="env.COLORTERM" value="truecolor" />
    <property name="env.Path" value="C:\Program Files\Eclipse Adoptium\jdk-17.0.4.8-hotspot\bin;C:\Windows\system32;C:\Windows;C:\Windows\System32\Wbem;C:\Windows\System32\WindowsPowerShell\v1.0\;C:\Windows\System32\OpenSSH\;C:\Program Files\Git\cmd;C:\Program Files\GitHub CLI\;C:\Program Files\CMake\bin;C:\Program Files\SlikSvn\bin;C:\Ruby31-x64\bin;C:\Users\cscco\AppData\Local\Microsoft\WindowsApps;C:\Users\cscco\apache-ant-1.9.16\bin;C:\Users\cscco\AppData\Local\Programs\Python\Python310;C:\Program Files\JetBrains\PyCharm Community Edition 2022.2\bin;;C:\Users\cscco\AppData\Local\Programs\Microsoft VS Code\bin;C:\Program Files\SlikSvn\bin" />
    <property name="basedir" value="C:\Users\cscco\devstuff\instruction\csc311\asg\asg6\asg6-local" />
    <property name="ant.java.version" value="17" />
    <property name="ant.core.lib" value="C:\Users\cscco\apache-ant-1.9.16\lib\ant.jar" />
    <property name="env.USERNAME" value="cscco" />
    <property name="source" value="1.8" />
    <property name="env.SystemDrive" value="C:" />
    <property name="sun.stderr.encoding" value="cp437" />
    <property name="file.encoding" value="Cp1252" />
    <property name="env.USERDOMAIN" value="DESKTOP-GJN8HR4" />
    <property name="java.specification.version" value="17" />
    <property name="env.=C:" value="C:\Users\cscco\devstuff\instruction\csc311\asg\asg6\asg6-local" />
    <property name="ant.project.invoked-targets" value="IndexTest" />
    <property name="java.vendor.version" value="Temurin-17.0.4+8" />
    <property name="env.PROCESSOR_LEVEL" value="6" />
  </properties>
  <testcase classname="csudh.csc311.asg6.IndexTest" name="testIndexPage" time="0.034">
    <error message="Cannot invoke &quot;org.jsoup.nodes.Element.select(String)&quot; because &quot;content&quot; is null" type="java.lang.NullPointerException">java.lang.NullPointerException: Cannot invoke &quot;org.jsoup.nodes.Element.select(String)&quot; because &quot;content&quot; is null
	at csudh.csc311.asg6.WikiFetcher.readWikipedia(WikiFetcher.java:61)
	at csudh.csc311.asg6.IndexTest.testIndexPage(IndexTest.java:28)
	at java.base/jdk.internal.reflect.NativeMethodAccessorImpl.invoke0(Native Method)
	at java.base/jdk.internal.reflect.NativeMethodAccessorImpl.invoke(NativeMethodAccessorImpl.java:77)
	at java.base/jdk.internal.reflect.DelegatingMethodAccessorImpl.invoke(DelegatingMethodAccessorImpl.java:43)
</error>
  </testcase>
  <system-out><![CDATA[]]></system-out>
  <system-err><![CDATA[]]></system-err>
</testsuite>
